<?xml version="1.0" encoding="UTF-8" ?>
<!DOCTYPE mapper PUBLIC "-//mybatis.org//DTD Mapper 3.0//EN"
        "http://mybatis.org/dtd/mybatis-3-mapper.dtd">
<mapper namespace="cn.gson.hui_ren_boot.model.mapper.medical.TestMapper">

    <resultMap id="lookinfo" type="cn.gson.hui_ren_boot.model.pojos.medical.Combinspection">
        <id property="inspectionId" column="inspection_id"/>
        <result property="inspectionName" column="inspection_name"/>
        <result property="inspectionContent" column="inspection_content"/>
        <result property="itemName" column="item_name"/>
        <result property="testId" column="test_id"/>
        <result property="inspectionUnit" column="inspection_unit"/>
        <result property="inspectionPhone" column="inspection_phone"/>
        <result property="inspectionDate" column="inspection_date"/>
       <association property="test" javaType="cn.gson.hui_ren_boot.model.pojos.medical.Test">
<!--           <id property="testId" column="test_id"/>-->
           <result property="testName" column="test_name"/>
           <result property="testSex" column="test_sex"/>
           <result property="testPhone" column="test_phone"/>
           <result property="testGenre" column="test_genre"/>
           <result property="testMoney" column="test_money"/>
           <result property="testTime" column="test_time"/>
           <result property="testState" column="test_state"/>
           <result property="testAccount" column="test_account"/>
       </association>
        <association property="inspectDebit" javaType="cn.gson.hui_ren_boot.model.pojos.hospital.InspectDebit">
            <id property="debitId" column="debit_id"/>
            <result property="debitDate" column="debit_date"/>
            <result property="debitMoney" column="debit_money"/>
            <result property="debitExecutor" column="debit_executor"/>
            <result property="debitType" column="debit_type"/>
        </association>
    </resultMap>
    <!--    查看检验结果-->
    <select id="lookresult" resultMap="lookinfo">
        select * from COMBINSPECTION co left join TEST te on co.INSPECTION_PHONE = te.TEST_PHONE
            LEFT JOIN INSPECT_DEBIT de on de.test_phone = co.INSPECTION_PHONE where te.test_state = 6 and co.INSPECTION_PHONE = #{inspectionPhone,jdbcType=VARCHAR}
    </select>

    <!--    修改检查完后的状态为6-->
    <update id="payitem">
        update test set test_state = 6 where test_account = #{testAccount}
    </update>

<!--    修改预约的状态-->
    <update id="updateDebit">
        update test set test_state = 5 where test_phone = #{testPhone}
    </update>

<!--    新增缴费记录-->
    <insert id="addDebit">
        insert into inspect_debit(debit_id,debit_date,debit_money,debit_executor,test_phone,debit_type)
        values(seq_huiren.nextval,current_timestamp,#{debitMoney},#{debitExecutor},#{testPhone},#{debitType})
    </insert>

    <resultMap id="select" type="cn.gson.hui_ren_boot.model.pojos.medical.Test">
        <id property="testId" column="TEST_ID"></id>
        <result property="testName" column="TEST_NAME"></result>
        <result property="testSex" column="TEST_SEX"></result>
        <result property="testPhone" column="TEST_PHONE"></result>
        <result property="testGenre" column="TEST_GENRE"></result>
        <result property="testTime" column="TEST_TIME"></result>
        <result property="testMoney" column="TEST_MONEY"></result>
    </resultMap>

    <select id="selectCmobo" resultType="cn.gson.hui_ren_boot.model.pojos.medical.Test">
        select * from test
        <where>
            <if test="testName != null and testName != ''">
                or TEST_NAME like '%${testName}%'
            </if>
            <if test="testPhone != null and testPhone != ''">
                or  TEST_PHONE like '%${testPhone}%'
            </if>
            <if test="testGenre != null and testGenre != ''">
                or TEST_GENRE like '%${testGenre}%'
            </if>
            <if test="testAccount != null and testAccount != ''">
                or TEST_ACCOUNT like  '%${testAccount}%'
            </if>
            and not TEST_STATE = 1
            and not TEST_STATE = 3
        </where>
    </select>

<!--    删除修改状态为4已取消-->
    <update id="updateYuyue">
        update test set test_state = 4 where test_account = #{testAccount}
    </update>

<!--    新增-->
    <insert id="insertTest" >
        insert into test values (seq_huiren.nextval,#{testName},#{testSex},#{testPhone},#{testGenre},#{testTime},#{testMoney},2,#{testAccount})
    </insert>

<!--    删除-->
    <delete id="dels">
        delete from test where test_id = #{testId}
    </delete>

    <insert id="addMiddle">
        insert into testmiddle values (#{testAccount},#{itemId})
    </insert>

    <insert id="addMiddles">
        insert into testmiddle values (#{testAccount},#{itemId})
    </insert>
</mapper>