<?xml version="1.0" encoding="UTF-8" ?>
<!DOCTYPE mapper PUBLIC "-//mybatis.org//DTD Mapper 3.0//EN"
        "http://mybatis.org/dtd/mybatis-3-mapper.dtd">
<mapper namespace="cn.gson.hui_ren_boot.model.mapper.medical.TestMapper">
<!--    查询预约体检的资料-->
    <select id="testAll" resultType="cn.gson.hui_ren_boot.model.pojos.medical.Test">
        select * from test
        <where>
            <if test="testName != null and testName != ''">
                or TEST_NAME = '%${testName}%'
            </if>
        </where>
    </select>
</mapper>